<?xml version="1.0" encoding="UTF-8"?>
<!-- Generated by org.testng.reporters.JUnitReportReporter -->
<testsuite name="TestCase.VerifyLoginPageWithReports" tests="1" time="27.429" ignored="0" failures="0" timestamp="05 Mar 2017 10:25:16 GMT" skipped="0" hostname="Ritesh-PC" errors="0">
  <testcase name="testLoginPage" time="27.429" classname="TestCase.VerifyLoginPageWithReports"/>
</testsuite> <!-- TestCase.VerifyLoginPageWithReports -->
